Removed Pin From Net: NetName=I2C0_SDA Pin=P3-1
Removed Pin From Net: NetName=I2C0_SCL Pin=P3-2
Removed Pin From Net: NetName=3.3_VCC Pin=P3-3
Removed Pin From Net: NetName=GND Pin=P3-4
Removed Pin From Net: NetName=GND Pin=P4-1
Removed Pin From Net: NetName=3.3_VCC Pin=P4-2
Removed Pin From Net: NetName=U1RX Pin=P4-3
Removed Pin From Net: NetName=U1TX Pin=P4-4
Removed Member From Class: ClassName=Procesador Principal Member=P4
Change Component DesignItemId : Designator=P3 Old DesignItemId=Header 4 New DesignItemId=Header 4X2
Change Component Comment : Designator=P3 Old Comment=Header 4 New Comment=Header 4X2
Change Component Description : Designator=P3 Old Description=Header, 4-Pin New Description=Header, 4-Pin, Dual row
Added Component: Designator=C24(6-0805_L)
Added Pin To Net: NetName=GND Pin=C24-1
Added Pin To Net: NetName=RST_SW Pin=C24-2
Added Pin To Net: NetName=U1TX Pin=P3-1
Added Pin To Net: NetName=I2C0_SDA Pin=P3-2
Added Pin To Net: NetName=U1RX Pin=P3-3
Added Pin To Net: NetName=I2C0_SCL Pin=P3-4
Added Member To Class: ClassName=Procesador Principal Member=Component C24 Cap
