Removed Pin From Net: NetName=GND_BAT Pin=1-2
Removed Pin From Net: NetName=GND_BAT Pin=2-2
Removed Pin From Net: NetName=GND Pin=3-2
Removed Pin From Net: NetName=GND Pin=4-2
Removed Pin From Net: NetName=12_VCC Pin=R3-2
Removed Pin From Net: NetName=5_VCC_BAT Pin=R4-1
Removed Pin From Net: NetName=3.3_VCC Pin=R5-2
Removed Pin From Net: NetName=3.3_VCC_MICRO Pin=R6-1
Removed Pin From Net: NetName=12_VCC Pin=U2-1
Removed Pin From Net: NetName=GND_BAT Pin=U2-2
Removed Pin From Net: NetName=5_VCC_BAT Pin=U2-3
Removed Member From Class: ClassName=Alimentacion Member=1
Removed Member From Class: ClassName=Alimentacion Member=2
Removed Member From Class: ClassName=Alimentacion Member=3
Removed Member From Class: ClassName=Alimentacion Member=4
Removed Member From Class: ClassName=Alimentacion Member=R3
Removed Member From Class: ClassName=Alimentacion Member=R4
Removed Member From Class: ClassName=Alimentacion Member=R5
Removed Member From Class: ClassName=Alimentacion Member=R6
Removed Member From Class: ClassName=Alimentacion Member=U2
