Change Component Designator: Old Designator=3.3V New Designator=?
Change Component Designator: Old Designator=3V3 micro New Designator=?
Change Component Designator: Old Designator=5.5V New Designator=?
Change Component Designator: Old Designator=12V New Designator=?
Change Component Designator: Old Designator=C8 New Designator=C?
Change Component Designator: Old Designator=C9 New Designator=C?
Change Component Designator: Old Designator=C11 New Designator=C?
Change Component Designator: Old Designator=C12 New Designator=C?
Change Component Designator: Old Designator=C19 New Designator=C?
Change Component Designator: Old Designator=C20 New Designator=C?
Change Component Designator: Old Designator=P11 New Designator=P?
Change Component Designator: Old Designator=PWR1 New Designator=PWR?
Change Component Designator: Old Designator=R9 New Designator=R?
Change Component Designator: Old Designator=R9 New Designator=R?
Change Component Designator: Old Designator=R11 New Designator=R?
Change Component Designator: Old Designator=R12 New Designator=R?
Change Component Designator: Old Designator=R15 New Designator=R?
Change Component Designator: Old Designator=R19 New Designator=R?
Change Component Designator: Old Designator=R23 New Designator=R?
Change Component Designator: Old Designator=U4 New Designator=U?
