Added Component: Designator=C20(6-0805_L)
Added Component: Designator=C21(6-0805_L)
Added Component: Designator=C22(6-0805_L)
Added Component: Designator=C23(6-0805_L)
Added Component: Designator=R17(C0805)
Added Component: Designator=R18(6-0805_L)
Added Pin To Net: NetName=3.3_VCC Pin=C20-1
Added Pin To Net: NetName=GND Pin=C20-2
Added Pin To Net: NetName=GND Pin=C21-1
Added Pin To Net: NetName=3.3_VCC Pin=C21-2
Added Pin To Net: NetName=GND Pin=C22-1
Added Pin To Net: NetName=3.3_VCC Pin=C22-2
Added Pin To Net: NetName=GND Pin=C23-1
Added Pin To Net: NetName=3.3_VCC Pin=R17-2
Added Pin To Net: NetName=GND Pin=R18-2
Added Pin To Net: NetName=NetC23_2 Pin=C23-2
Added Net: Name=NetC23_2
Added Pin To Net: NetName=NetR17_1 Pin=R17-1
Added Pin To Net: NetName=NetR17_1 Pin=R18-1
Added Net: Name=NetR17_1
Added Class: Name=Sensores
