Removed Pin From Net: NetName=12_VCC Pin=U2-1
Removed Pin From Net: NetName=GND_BAT Pin=U2-2
Removed Pin From Net: NetName=5_VCC_BAT Pin=U2-3
Removed Member From Class: ClassName=Alimentacion Member=U2
Added Component: Designator=C24(6-0805_L)
Added Component: Designator=L1(Inductor CD43)
Added Component: Designator=R21(C0805)
Added Component: Designator=R22(C0805)
Added Component: Designator=U1(MF05A_N)
Added Pin To Net: NetName=GND_BAT Pin=C24-1
Added Pin To Net: NetName=5_VCC_BAT Pin=C24-2
Added Pin To Net: NetName=5_VCC_BAT Pin=L1-2
Added Pin To Net: NetName=5_VCC_BAT Pin=R21-1
Added Pin To Net: NetName=GND_BAT Pin=R22-2
Added Pin To Net: NetName=12_VCC Pin=U1-1
Added Pin To Net: NetName=GND_BAT Pin=U1-2
Added Pin To Net: NetName=12_VCC Pin=U1-3
Added Pin To Net: NetName=NetL1_1 Pin=L1-1
Added Pin To Net: NetName=NetL1_1 Pin=U1-5
Added Net: Name=NetL1_1
Added Pin To Net: NetName=NetR21_2 Pin=R21-2
Added Pin To Net: NetName=NetR21_2 Pin=R22-1
Added Pin To Net: NetName=NetR21_2 Pin=U1-4
Added Net: Name=NetR21_2
Added Member To Class: ClassName=Alimentacion Member=Component C24 Cap
Added Member To Class: ClassName=Alimentacion Member=Component L1 Inductor Iron Dot
Added Member To Class: ClassName=Alimentacion Member=Component R21 Res1
Added Member To Class: ClassName=Alimentacion Member=Component R22 Res1
Added Member To Class: ClassName=Alimentacion Member=Component U1 LM3671MF-3.3/NOPB
