Change Component Designator: OldDesignator=C1 NewDesignator=C?
Change Component Designator: OldDesignator=C2 NewDesignator=C?
Change Component Designator: OldDesignator=C3 NewDesignator=C?
Change Component Designator: OldDesignator=C4 NewDesignator=C?
Change Component Designator: OldDesignator=U1 NewDesignator=U?
Change Component Designator: OldDesignator=Y1 NewDesignator=Y?
Change Component Designator: OldDesignator=Y2 NewDesignator=Y?
Added Component: Designator=1(6-0805_L)
Added Component: Designator=2(6-0805_L)
Added Component: Designator=3(6-0805_L)
Added Component: Designator=4(6-0805_M)
Added Component: Designator=C1(C0805)
Added Component: Designator=C2(C0805)
Added Component: Designator=C3(C0805)
Added Component: Designator=C4(6-0805_L)
Added Component: Designator=C5(6-0805_L)
Added Component: Designator=C6(C0805)
Added Component: Designator=C7(C1206)
Added Component: Designator=C8(6-0805_L)
Added Component: Designator=C9(6-0805_L)
Added Component: Designator=CHNLS1(Header 8x3_mirror)
Added Component: Designator=ICSP1(HDR2X5)
Added Component: Designator=P1(HDR1X2)
Added Component: Designator=P2(HDR1X4)
Added Component: Designator=P3(HDR1X3)
Added Component: Designator=PWR1(HDR1X3)
Added Component: Designator=Q1(SOT23-3)
Added Component: Designator=Q2(SOT-23_N)
Added Component: Designator=R1(C0805)
Added Component: Designator=R2(6-0805_L)
Added Component: Designator=R3(6-0805_L)
Added Component: Designator=R4(C0805)
Added Component: Designator=R5(C0805)
Added Component: Designator=R6(C0805)
Added Component: Designator=R7(C0805)
Added Component: Designator=R8(C0805)
Added Component: Designator=R9(C0805)
Added Component: Designator=R10(C0805)
Added Component: Designator=R11(C0805)
Added Component: Designator=R12(C1206)
Added Component: Designator=R13(C1206)
Added Component: Designator=R14(C0805)
Added Component: Designator=R15(C0805)
Added Component: Designator=R_I1(C0805)
Added Component: Designator=R_I2(C0805)
Added Component: Designator=S1(TS-1170S)
Added Component: Designator=U1(TO-220-AB)
Added Component: Designator=U2(32A_N)
Added Component: Designator=VR1(SOT223)
Added Component: Designator=VR2(SOT223)
Added Component: Designator=Y1(BCY-W2/E4.7)
Added Pin To Net: NetName=GND Pin=3-2
Added Pin To Net: NetName=GND Pin=4-2
Added Pin To Net: NetName=GND Pin=C1-2
Added Pin To Net: NetName=GND Pin=C2-2
Added Pin To Net: NetName=GND Pin=C3-2
Added Pin To Net: NetName=GND Pin=C4-2
Added Pin To Net: NetName=GND Pin=Q2-1
Added Pin To Net: NetName=GND Pin=R8-1
Added Pin To Net: NetName=GND Pin=R9-2
Added Pin To Net: NetName=GND Pin=VR1-1
Added Pin To Net: NetName=GND Pin=VR2-1
Added Pin To Net: NetName=3.3_VCC_MICRO Pin=C3-1
Added Pin To Net: NetName=3.3_VCC_MICRO Pin=C4-1
Added Pin To Net: NetName=3.3_VCC_MICRO Pin=R6-1
Added Pin To Net: NetName=3.3_VCC_MICRO Pin=VR2-2
Added Pin To Net: NetName=3.3_VCC_MICRO Pin=VR2-2
Added Net: Name=3.3_VCC_MICRO
Added Pin To Net: NetName=3.3_VCC Pin=C1-1
Added Pin To Net: NetName=3.3_VCC Pin=C2-1
Added Pin To Net: NetName=3.3_VCC Pin=R1-1
Added Pin To Net: NetName=3.3_VCC Pin=R2-2
Added Pin To Net: NetName=3.3_VCC Pin=R5-2
Added Pin To Net: NetName=3.3_VCC Pin=VR1-2
Added Pin To Net: NetName=3.3_VCC Pin=VR1-2
Added Net: Name=3.3_VCC
Added Pin To Net: NetName=5_VCC_BAT Pin=C6-2
Added Pin To Net: NetName=5_VCC_BAT Pin=CHNLS1-VCC
Added Pin To Net: NetName=5_VCC_BAT Pin=CHNLS1-VCC
Added Pin To Net: NetName=5_VCC_BAT Pin=CHNLS1-VCC
Added Pin To Net: NetName=5_VCC_BAT Pin=CHNLS1-VCC
Added Pin To Net: NetName=5_VCC_BAT Pin=CHNLS1-VCC
Added Pin To Net: NetName=5_VCC_BAT Pin=CHNLS1-VCC
Added Pin To Net: NetName=5_VCC_BAT Pin=CHNLS1-VCC
Added Pin To Net: NetName=5_VCC_BAT Pin=CHNLS1-VCC
Added Pin To Net: NetName=5_VCC_BAT Pin=ICSP1-1
Added Pin To Net: NetName=5_VCC_BAT Pin=P1-2
Added Pin To Net: NetName=5_VCC_BAT Pin=R15-1
Added Pin To Net: NetName=5_VCC_BAT Pin=R_I1-2
Added Pin To Net: NetName=5_VCC_BAT Pin=R_I2-2
Added Pin To Net: NetName=5_VCC_BAT Pin=U1-3
Added Pin To Net: NetName=5_VCC_BAT Pin=U2-4
Added Pin To Net: NetName=5_VCC_BAT Pin=U2-6
Added Pin To Net: NetName=5_VCC_BAT Pin=U2-18
Added Pin To Net: NetName=5_VCC_BAT Pin=U2-20
Added Net: Name=5_VCC_BAT
Added Pin To Net: NetName=5V_VCC_F Pin=Q1-2
Added Pin To Net: NetName=5V_VCC_F Pin=VR2-3
Added Net: Name=5V_VCC_F
Added Pin To Net: NetName=5V_VCC Pin=P1-1
Added Net: Name=5V_VCC
Added Pin To Net: NetName=12_VCC Pin=C5-2
Added Pin To Net: NetName=12_VCC Pin=PWR1-2
Added Pin To Net: NetName=12_VCC Pin=R3-2
Added Pin To Net: NetName=12_VCC Pin=U1-1
Added Net: Name=12_VCC
Added Pin To Net: NetName=CLK_SPI_0 Pin=U?-19
Added Net: Name=CLK_SPI_0
Added Pin To Net: NetName=FSS_SPI_0 Pin=U?-20
Added Net: Name=FSS_SPI_0
Added Pin To Net: NetName=GND_BAT Pin=1-2
Added Pin To Net: NetName=GND_BAT Pin=2-2
Added Pin To Net: NetName=GND_BAT Pin=C5-1
Added Pin To Net: NetName=GND_BAT Pin=C6-1
Added Pin To Net: NetName=GND_BAT Pin=C7-1
Added Pin To Net: NetName=GND_BAT Pin=C8-1
Added Pin To Net: NetName=GND_BAT Pin=C9-1
Added Pin To Net: NetName=GND_BAT Pin=CHNLS1-GND
Added Pin To Net: NetName=GND_BAT Pin=CHNLS1-GND
Added Pin To Net: NetName=GND_BAT Pin=CHNLS1-GND
Added Pin To Net: NetName=GND_BAT Pin=CHNLS1-GND
Added Pin To Net: NetName=GND_BAT Pin=CHNLS1-GND
Added Pin To Net: NetName=GND_BAT Pin=CHNLS1-GND
Added Pin To Net: NetName=GND_BAT Pin=CHNLS1-GND
Added Pin To Net: NetName=GND_BAT Pin=CHNLS1-GND
Added Pin To Net: NetName=GND_BAT Pin=ICSP1-3
Added Pin To Net: NetName=GND_BAT Pin=ICSP1-5
Added Pin To Net: NetName=GND_BAT Pin=ICSP1-7
Added Pin To Net: NetName=GND_BAT Pin=ICSP1-9
Added Pin To Net: NetName=GND_BAT Pin=P2-1
Added Pin To Net: NetName=GND_BAT Pin=PWR1-1
Added Pin To Net: NetName=GND_BAT Pin=R9-1
Added Pin To Net: NetName=GND_BAT Pin=R12-1
Added Pin To Net: NetName=GND_BAT Pin=R14-1
Added Pin To Net: NetName=GND_BAT Pin=S1-2
Added Pin To Net: NetName=GND_BAT Pin=S1-2
Added Pin To Net: NetName=GND_BAT Pin=U1-2
Added Pin To Net: NetName=GND_BAT Pin=U2-3
Added Pin To Net: NetName=GND_BAT Pin=U2-5
Added Pin To Net: NetName=GND_BAT Pin=U2-21
Added Net: Name=GND_BAT
Added Pin To Net: NetName=I2C0_SCL Pin=R2-1
Added Pin To Net: NetName=I2C0_SCL Pin=U?-47
Added Net: Name=I2C0_SCL
Added Pin To Net: NetName=I2C1_SCL Pin=R_I1-1
Added Pin To Net: NetName=I2C1_SCL Pin=U2-28
Added Pin To Net: NetName=I2C1_SCL Pin=U?-23
Added Net: Name=I2C1_SCL
Added Pin To Net: NetName=I2C1_SDA Pin=R_I2-1
Added Pin To Net: NetName=I2C1_SDA Pin=U2-27
Added Pin To Net: NetName=I2C1_SDA Pin=U?-24
Added Net: Name=I2C1_SDA
Added Pin To Net: NetName=MISO Pin=ICSP1-10
Added Pin To Net: NetName=MISO Pin=U2-16
Added Net: Name=MISO
Added Pin To Net: NetName=MOSI Pin=ICSP1-2
Added Pin To Net: NetName=MOSI Pin=P3-3
Added Pin To Net: NetName=MOSI Pin=U2-15
Added Net: Name=MOSI
Added Pin To Net: NetName=Net1_1 Pin=1-1
Added Pin To Net: NetName=Net1_1 Pin=R3-1
Added Net: Name=Net1_1
Added Pin To Net: NetName=Net2_1 Pin=2-1
Added Pin To Net: NetName=Net2_1 Pin=R4-2
Added Net: Name=Net2_1
Added Pin To Net: NetName=Net3_1 Pin=3-1
Added Pin To Net: NetName=Net3_1 Pin=R5-1
Added Net: Name=Net3_1
Added Pin To Net: NetName=Net4_1 Pin=4-1
Added Pin To Net: NetName=Net4_1 Pin=R6-2
Added Net: Name=Net4_1
Added Pin To Net: NetName=NetC8_2 Pin=C8-2
Added Pin To Net: NetName=NetC8_2 Pin=U2-8
Added Pin To Net: NetName=NetC8_2 Pin=Y1-1
Added Net: Name=NetC8_2
Added Pin To Net: NetName=NetC9_2 Pin=C9-2
Added Pin To Net: NetName=NetC9_2 Pin=U2-7
Added Pin To Net: NetName=NetC9_2 Pin=Y1-2
Added Net: Name=NetC9_2
Added Pin To Net: NetName=NetCHNLS1_1 Pin=CHNLS1-1
Added Pin To Net: NetName=NetCHNLS1_1 Pin=U2-30
Added Net: Name=NetCHNLS1_1
Added Pin To Net: NetName=NetCHNLS1_2 Pin=CHNLS1-2
Added Pin To Net: NetName=NetCHNLS1_2 Pin=U2-31
Added Net: Name=NetCHNLS1_2
Added Pin To Net: NetName=NetCHNLS1_3 Pin=CHNLS1-3
Added Pin To Net: NetName=NetCHNLS1_3 Pin=U2-32
Added Net: Name=NetCHNLS1_3
Added Pin To Net: NetName=NetCHNLS1_4 Pin=CHNLS1-4
Added Pin To Net: NetName=NetCHNLS1_4 Pin=U2-1
Added Net: Name=NetCHNLS1_4
Added Pin To Net: NetName=NetCHNLS1_5 Pin=CHNLS1-5
Added Pin To Net: NetName=NetCHNLS1_5 Pin=U2-2
Added Net: Name=NetCHNLS1_5
Added Pin To Net: NetName=NetCHNLS1_6 Pin=CHNLS1-6
Added Pin To Net: NetName=NetCHNLS1_6 Pin=U2-9
Added Net: Name=NetCHNLS1_6
Added Pin To Net: NetName=NetCHNLS1_7 Pin=CHNLS1-7
Added Pin To Net: NetName=NetCHNLS1_7 Pin=U2-10
Added Net: Name=NetCHNLS1_7
Added Pin To Net: NetName=NetCHNLS1_8 Pin=CHNLS1-8
Added Pin To Net: NetName=NetCHNLS1_8 Pin=U2-11
Added Net: Name=NetCHNLS1_8
Added Pin To Net: NetName=NetP2_2 Pin=P2-2
Added Pin To Net: NetName=NetP2_2 Pin=U2-22
Added Net: Name=NetP2_2
Added Pin To Net: NetName=NetP2_3 Pin=P2-3
Added Pin To Net: NetName=NetP2_3 Pin=R10-2
Added Net: Name=NetP2_3
Added Pin To Net: NetName=NetP2_4 Pin=P2-4
Added Pin To Net: NetName=NetP2_4 Pin=R11-2
Added Net: Name=NetP2_4
Added Pin To Net: NetName=NetP3_1 Pin=P3-1
Added Pin To Net: NetName=NetP3_1 Pin=U2-13
Added Net: Name=NetP3_1
Added Pin To Net: NetName=NetP3_2 Pin=P3-2
Added Pin To Net: NetName=NetP3_2 Pin=U2-14
Added Net: Name=NetP3_2
Added Pin To Net: NetName=NetQ1_1 Pin=Q1-1
Added Pin To Net: NetName=NetQ1_1 Pin=R7-2
Added Pin To Net: NetName=NetQ1_1 Pin=R8-2
Added Net: Name=NetQ1_1
Added Pin To Net: NetName=NetQ1_3 Pin=Q1-3
Added Pin To Net: NetName=NetQ1_3 Pin=VR1-3
Added Net: Name=NetQ1_3
Added Pin To Net: NetName=NetQ2_2 Pin=Q2-2
Added Pin To Net: NetName=NetQ2_2 Pin=R13-1
Added Net: Name=NetQ2_2
Added Pin To Net: NetName=NetR10_1 Pin=R10-1
Added Pin To Net: NetName=NetR10_1 Pin=R12-2
Added Pin To Net: NetName=NetR10_1 Pin=U2-23
Added Net: Name=NetR10_1
Added Pin To Net: NetName=NetR11_1 Pin=R11-1
Added Pin To Net: NetName=NetR11_1 Pin=R14-2
Added Pin To Net: NetName=NetR11_1 Pin=U2-24
Added Net: Name=NetR11_1
Added Pin To Net: NetName=PD0_3.3V Pin=R7-1
Added Net: Name=PD0_3.3V
Added Pin To Net: NetName=PWR_SW Pin=PWR1-3
Added Pin To Net: NetName=PWR_SW Pin=U2-25
Added Net: Name=PWR_SW
Added Pin To Net: NetName=RST_IC Pin=R13-2
Added Pin To Net: NetName=RST_IC Pin=U2-26
Added Net: Name=RST_IC
Added Pin To Net: NetName=RST_R Pin=C7-2
Added Pin To Net: NetName=RST_R Pin=ICSP1-6
Added Pin To Net: NetName=RST_R Pin=R15-2
Added Pin To Net: NetName=RST_R Pin=S1-1
Added Pin To Net: NetName=RST_R Pin=S1-1
Added Pin To Net: NetName=RST_R Pin=U2-29
Added Net: Name=RST_R
Added Pin To Net: NetName=RST_SW Pin=Q2-3
Added Net: Name=RST_SW
Added Pin To Net: NetName=RX_SPI_0 Pin=U?-21
Added Net: Name=RX_SPI_0
Added Pin To Net: NetName=SCK Pin=ICSP1-8
Added Pin To Net: NetName=SCK Pin=U2-17
Added Net: Name=SCK
Added Pin To Net: NetName=TX_SPI_0 Pin=U?-22
Added Net: Name=TX_SPI_0
Added Pin To Net: NetName=U1RX Pin=U?-45
Added Net: Name=U1RX
Added Pin To Net: NetName=U1TX Pin=R1-2
Added Pin To Net: NetName=U1TX Pin=U?-46
Added Net: Name=U1TX
Added Pin To Net: NetName=U7RX Pin=U?-17
Added Net: Name=U7RX
Added Pin To Net: NetName=U7TX Pin=U?-18
Added Net: Name=U7TX
Added Class: Name=Alimentacion
Added Class: Name=Procesador Auxiliar
Added Member To Class: ClassName=Procesador Principal Member=Component R1 Res1
Added Member To Class: ClassName=Procesador Principal Member=Component R2 Res1
Added Room: Name=Alimentacion
Added Room: Name=Procesador Auxiliar
Added Room: Name=Procesador Principal
