Change Component Designator: Old Designator=C3 New Designator=C1
Change Component Designator: Old Designator=C4 New Designator=C2
Change Component Designator: Old Designator=C5 New Designator=C3
Change Component Designator: Old Designator=C6 New Designator=C4
Change Component Designator: Old Designator=C? New Designator=C5
Change Component Designator: Old Designator=C? New Designator=C6
Change Component Designator: Old Designator=C? New Designator=C7
Change Component Designator: Old Designator=C? New Designator=C8
Change Component Designator: Old Designator=J? New Designator=J1
Change Component Designator: Old Designator=JTAG New Designator=JTAG1
Change Component Designator: Old Designator=P1 New Designator=P2
Change Component Designator: Old Designator=P2 New Designator=P3
Change Component Designator: Old Designator=P4 New Designator=P1
Change Component Designator: Old Designator=P5 New Designator=P4
Change Component Designator: Old Designator=P_I2C New Designator=P_I1
Change Component Designator: Old Designator=P_I2C New Designator=P_I2
Change Component Designator: Old Designator=PWM1 New Designator=PWM2
Change Component Designator: Old Designator=PWM2 New Designator=PWM1
Change Component Designator: Old Designator=U? New Designator=U1
Change Component Designator: Old Designator=Y? New Designator=Y1
Change Component Designator: Old Designator=Y? New Designator=Y2
